<?xml version="1.0" encoding="UTF-8"?>
<beans xmlns="http://www.springframework.org/schema/beans"
	xmlns:xsi="http://www.w3.org/2001/XMLSchema-instance"
	xmlns:context="http://www.springframework.org/schema/context"
	xsi:schemaLocation="http://www.springframework.org/schema/beans http://www.springframework.org/schema/beans/spring-beans.xsd
		http://www.springframework.org/schema/context http://www.springframework.org/schema/context/spring-context-3.2.xsd">
		<bean id="propertyConfigurer" class="org.springframework.beans.factory.config.PropertyPlaceholderConfigurer">
			<property name="properties">
				<props>
					<prop key="mysql.url">jdbc:mysql://localhost/stub-tests?characterEncoding=UTF-8&amp;useUnicode=true</prop>
					<prop key="mysql.user">root</prop>
					<prop key="mysql.password"></prop>
				</props>
			</property>
		</bean>
</beans>