<?xml version="1.0" encoding="UTF-8"?>
<beans xmlns="http://www.springframework.org/schema/beans"
	xmlns:xsi="http://www.w3.org/2001/XMLSchema-instance"
	xmlns:context="http://www.springframework.org/schema/context"
	xsi:schemaLocation="http://www.springframework.org/schema/beans http://www.springframework.org/schema/beans/spring-beans.xsd
		http://www.springframework.org/schema/context http://www.springframework.org/schema/context/spring-context-3.2.xsd">
		<bean class="com.lantushenko.experimental.stub.dbunit.utils.DbUnitDataSource">
			<property name="url" value="${mysql.url}"/>
			<property name="user" value="${mysql.user}"/>
			<property name="password" value="${mysql.password}"/>
		</bean>
</beans>